Start testing: Mar 30 00:00 CST
----------------------------------------------------------
1/1 Testing: LongestPalindromicSubstring_unittest
1/1 Test: LongestPalindromicSubstring_unittest
Command: "/home/bigding/Code/LeetCode/5-Longest-Palindromic-Substring/build/LongestPalindromicSubstring_unittest.out"
Directory: /home/bigding/Code/LeetCode/5-Longest-Palindromic-Substring/build
"LongestPalindromicSubstring_unittest" start time: Mar 30 00:00 CST
Output:
----------------------------------------------------------
Running main() from gtest_main.cc
[==========] Running 1 test from 1 test case.
[----------] Global test environment set-up.
[----------] 1 test from SolutionTest
[ RUN      ] SolutionTest.Positive
[       OK ] SolutionTest.Positive (0 ms)
[----------] 1 test from SolutionTest (0 ms total)

[----------] Global test environment tear-down
[==========] 1 test from 1 test case ran. (0 ms total)
[  PASSED  ] 1 test.
<end of output>
Test time =   0.00 sec
----------------------------------------------------------
Test Passed.
"LongestPalindromicSubstring_unittest" end time: Mar 30 00:00 CST
"LongestPalindromicSubstring_unittest" time elapsed: 00:00:00
----------------------------------------------------------

End testing: Mar 30 00:00 CST
